<?xml version="1.0" encoding="UTF-8"?>
<!-- Generated by org.testng.reporters.JUnitXMLReporter -->
<testsuite hostname="CPU803" name="Default test" tests="30" failures="2" timestamp="22 Jan 2018 17:22:13 GMT" time="14.755" errors="0">
  <testcase name="webMailLoginTest" time="0.178" classname="com.webmailhostopia.tests.WebMailHostpiaRegressionTests">
    <failure type="java.lang.NullPointerException">
      <![CDATA[java.lang.NullPointerException
	at com.webmailhostopia.common.utils.Log.info(Log.java:19)
	at com.webmailhostopia.tests.WebMailHostpiaRegressionTests.webMailLoginTest(WebMailHostpiaRegressionTests.java:67)
	at sun.reflect.NativeMethodAccessorImpl.invoke0(Native Method)
	at sun.reflect.NativeMethodAccessorImpl.invoke(NativeMethodAccessorImpl.java:57)
	at sun.reflect.DelegatingMethodAccessorImpl.invoke(DelegatingMethodAccessorImpl.java:43)
	at java.lang.reflect.Method.invoke(Method.java:601)
	at org.testng.internal.MethodInvocationHelper.invokeMethod(MethodInvocationHelper.java:80)
	at org.testng.internal.Invoker.invokeMethod(Invoker.java:714)
	at org.testng.internal.Invoker.invokeTestMethod(Invoker.java:901)
	at org.testng.internal.Invoker.invokeTestMethods(Invoker.java:1231)
	at org.testng.internal.TestMethodWorker.invokeTestMethods(TestMethodWorker.java:127)
	at org.testng.internal.TestMethodWorker.run(TestMethodWorker.java:111)
	at org.testng.TestRunner.privateRun(TestRunner.java:767)
	at org.testng.TestRunner.run(TestRunner.java:617)
	at org.testng.SuiteRunner.runTest(SuiteRunner.java:334)
	at org.testng.SuiteRunner.runSequentially(SuiteRunner.java:329)
	at org.testng.SuiteRunner.privateRun(SuiteRunner.java:291)
	at org.testng.SuiteRunner.run(SuiteRunner.java:240)
	at org.testng.SuiteRunnerWorker.runSuite(SuiteRunnerWorker.java:52)
	at org.testng.SuiteRunnerWorker.run(SuiteRunnerWorker.java:86)
	at org.testng.TestNG.runSuitesSequentially(TestNG.java:1198)
	at org.testng.TestNG.runSuitesLocally(TestNG.java:1123)
	at org.testng.TestNG.run(TestNG.java:1031)
	at org.testng.remote.AbstractRemoteTestNG.run(AbstractRemoteTestNG.java:132)
	at org.testng.remote.RemoteTestNG.initAndRun(RemoteTestNG.java:230)
	at org.testng.remote.RemoteTestNG.main(RemoteTestNG.java:76)
]]>
    </failure>
  </testcase> <!-- webMailLoginTest -->
  <testcase name="verifySocialSectionLabels" time="5.004" classname="com.webmailhostopia.tests.WebMailHostpiaRegressionTests">
    <failure type="java.lang.NullPointerException">
      <![CDATA[java.lang.NullPointerException
	at com.webmailhostopia.common.utils.Log.info(Log.java:19)
	at com.webmailhostopia.testimpl.MailBriefCaseSection.verifyBreifCaseHeadingText(MailBriefCaseSection.java:65)
	at com.webmailhostopia.testimpl.MailBriefCaseSection.BreifCaseSectionLabels(MailBriefCaseSection.java:18)
	at com.webmailhostopia.tests.WebMailHostpiaRegressionTests.verifySocialSectionLabels(WebMailHostpiaRegressionTests.java:91)
	at sun.reflect.NativeMethodAccessorImpl.invoke0(Native Method)
	at sun.reflect.NativeMethodAccessorImpl.invoke(NativeMethodAccessorImpl.java:57)
	at sun.reflect.DelegatingMethodAccessorImpl.invoke(DelegatingMethodAccessorImpl.java:43)
	at java.lang.reflect.Method.invoke(Method.java:601)
	at org.testng.internal.MethodInvocationHelper.invokeMethod(MethodInvocationHelper.java:80)
	at org.testng.internal.Invoker.invokeMethod(Invoker.java:714)
	at org.testng.internal.Invoker.invokeTestMethod(Invoker.java:901)
	at org.testng.internal.Invoker.invokeTestMethods(Invoker.java:1231)
	at org.testng.internal.TestMethodWorker.invokeTestMethods(TestMethodWorker.java:127)
	at org.testng.internal.TestMethodWorker.run(TestMethodWorker.java:111)
	at org.testng.TestRunner.privateRun(TestRunner.java:767)
	at org.testng.TestRunner.run(TestRunner.java:617)
	at org.testng.SuiteRunner.runTest(SuiteRunner.java:334)
	at org.testng.SuiteRunner.runSequentially(SuiteRunner.java:329)
	at org.testng.SuiteRunner.privateRun(SuiteRunner.java:291)
	at org.testng.SuiteRunner.run(SuiteRunner.java:240)
	at org.testng.SuiteRunnerWorker.runSuite(SuiteRunnerWorker.java:52)
	at org.testng.SuiteRunnerWorker.run(SuiteRunnerWorker.java:86)
	at org.testng.TestNG.runSuitesSequentially(TestNG.java:1198)
	at org.testng.TestNG.runSuitesLocally(TestNG.java:1123)
	at org.testng.TestNG.run(TestNG.java:1031)
	at org.testng.remote.AbstractRemoteTestNG.run(AbstractRemoteTestNG.java:132)
	at org.testng.remote.RemoteTestNG.initAndRun(RemoteTestNG.java:230)
	at org.testng.remote.RemoteTestNG.main(RemoteTestNG.java:76)
]]>
    </failure>
  </testcase> <!-- verifySocialSectionLabels -->
  <testcase name="verifyBriefCaseSectionLabels" time="0.053" classname="com.webmailhostopia.tests.WebMailHostpiaRegressionTests">
    <skipped/>
  </testcase> <!-- verifyBriefCaseSectionLabels -->
  <testcase name="verifyMailSectionLabels" time="0.009" classname="com.webmailhostopia.tests.WebMailHostpiaRegressionTests">
    <skipped/>
  </testcase> <!-- verifyMailSectionLabels -->
  <testcase name="verifyCalSectionLabels" time="0.008" classname="com.webmailhostopia.tests.WebMailHostpiaRegressionTests">
    <skipped/>
  </testcase> <!-- verifyCalSectionLabels -->
  <testcase name="verifyCalSectionEventCreationLabels" time="0.009" classname="com.webmailhostopia.tests.WebMailHostpiaRegressionTests">
    <skipped/>
  </testcase> <!-- verifyCalSectionEventCreationLabels -->
  <testcase name="verifyCalSectionRepeatEventCreationLabels" time="0.01" classname="com.webmailhostopia.tests.WebMailHostpiaRegressionTests">
    <skipped/>
  </testcase> <!-- verifyCalSectionRepeatEventCreationLabels -->
  <testcase name="verifyTaskpageSectionLabels" time="0.007" classname="com.webmailhostopia.tests.WebMailHostpiaRegressionTests">
    <skipped/>
  </testcase> <!-- verifyTaskpageSectionLabels -->
  <testcase name="verifyTaskCreationpageSectionLabels" time="0.013" classname="com.webmailhostopia.tests.WebMailHostpiaRegressionTests">
    <skipped/>
  </testcase> <!-- verifyTaskCreationpageSectionLabels -->
  <testcase name="verifyContactSectionLabels" time="0.006" classname="com.webmailhostopia.tests.WebMailHostpiaRegressionTests">
    <skipped/>
  </testcase> <!-- verifyContactSectionLabels -->
  <testcase name="verifyCreateContactSectionLabels" time="0.006" classname="com.webmailhostopia.tests.WebMailHostpiaRegressionTests">
    <skipped/>
  </testcase> <!-- verifyCreateContactSectionLabels -->
  <testcase name="verifyCreateAddressBookSectionLabels" time="0.007" classname="com.webmailhostopia.tests.WebMailHostpiaRegressionTests">
    <skipped/>
  </testcase> <!-- verifyCreateAddressBookSectionLabels -->
  <testcase name="verifySubscribeAddressBookSectionLabels" time="0.006" classname="com.webmailhostopia.tests.WebMailHostpiaRegressionTests">
    <skipped/>
  </testcase> <!-- verifySubscribeAddressBookSectionLabels -->
  <testcase name="verifyNewGroupSectionLabels" time="0.005" classname="com.webmailhostopia.tests.WebMailHostpiaRegressionTests">
    <skipped/>
  </testcase> <!-- verifyNewGroupSectionLabels -->
  <testcase name="labelsLanguageTestInPreferenceGeneralTab" time="0.006" classname="com.webmailhostopia.tests.WebMailHostpiaRegressionTests">
    <skipped/>
  </testcase> <!-- labelsLanguageTestInPreferenceGeneralTab -->
  <testcase name="labelsLanguageTestInPreferenceAdvancedTab" time="0.005" classname="com.webmailhostopia.tests.WebMailHostpiaRegressionTests">
    <skipped/>
  </testcase> <!-- labelsLanguageTestInPreferenceAdvancedTab -->
  <testcase name="labelsLanguageTestInPreferenceACcountSecurityTab" time="0.007" classname="com.webmailhostopia.tests.WebMailHostpiaRegressionTests">
    <skipped/>
  </testcase> <!-- labelsLanguageTestInPreferenceACcountSecurityTab -->
  <testcase name="labelsLanguageTestInPreferenceAccountsTab" time="0.005" classname="com.webmailhostopia.tests.WebMailHostpiaRegressionTests">
    <skipped/>
  </testcase> <!-- labelsLanguageTestInPreferenceAccountsTab -->
  <testcase name="labelsLanguageTestInPreferenceSpamTab" time="0.005" classname="com.webmailhostopia.tests.WebMailHostpiaRegressionTests">
    <skipped/>
  </testcase> <!-- labelsLanguageTestInPreferenceSpamTab -->
  <testcase name="labelsLanguageTestInPreferenceAutoRulesTab" time="0.005" classname="com.webmailhostopia.tests.WebMailHostpiaRegressionTests">
    <skipped/>
  </testcase> <!-- labelsLanguageTestInPreferenceAutoRulesTab -->
  <testcase name="labelsLanguageTestInPreferenceMessageFilterTab" time="0.006" classname="com.webmailhostopia.tests.WebMailHostpiaRegressionTests">
    <skipped/>
  </testcase> <!-- labelsLanguageTestInPreferenceMessageFilterTab -->
  <testcase name="labelsLanguageTestInPreferenceSignaturesTab" time="0.007" classname="com.webmailhostopia.tests.WebMailHostpiaRegressionTests">
    <skipped/>
  </testcase> <!-- labelsLanguageTestInPreferenceSignaturesTab -->
  <testcase name="labelsLanguageTestInPreferenceHighlightingTab" time="0.006" classname="com.webmailhostopia.tests.WebMailHostpiaRegressionTests">
    <skipped/>
  </testcase> <!-- labelsLanguageTestInPreferenceHighlightingTab -->
  <testcase name="labelsLanguageTestInPreferenceImageRulesTab" time="0.005" classname="com.webmailhostopia.tests.WebMailHostpiaRegressionTests">
    <skipped/>
  </testcase> <!-- labelsLanguageTestInPreferenceImageRulesTab -->
  <testcase name="labelsLanguageTestInPreferenceDataUsageTab" time="0.005" classname="com.webmailhostopia.tests.WebMailHostpiaRegressionTests">
    <skipped/>
  </testcase> <!-- labelsLanguageTestInPreferenceDataUsageTab -->
  <testcase name="labelsLanguageTestInPreferenceCalendarGeneralTab" time="0.005" classname="com.webmailhostopia.tests.WebMailHostpiaRegressionTests">
    <skipped/>
  </testcase> <!-- labelsLanguageTestInPreferenceCalendarGeneralTab -->
  <testcase name="labelsLanguageTestInPreferenceMobileGeneralTab" time="0.007" classname="com.webmailhostopia.tests.WebMailHostpiaRegressionTests">
    <skipped/>
  </testcase> <!-- labelsLanguageTestInPreferenceMobileGeneralTab -->
  <testcase name="verifylougtnloginSectionLabels" time="0.005" classname="com.webmailhostopia.tests.WebMailHostpiaRegressionTests">
    <skipped/>
  </testcase> <!-- verifylougtnloginSectionLabels -->
  <testcase name="verifyLoginPageMessageLabels" time="0.005" classname="com.webmailhostopia.tests.WebMailHostpiaRegressionTests">
    <skipped/>
  </testcase> <!-- verifyLoginPageMessageLabels -->
  <testcase name="verifyForgotPageSectionLabels" time="0.005" classname="com.webmailhostopia.tests.WebMailHostpiaRegressionTests">
    <skipped/>
  </testcase> <!-- verifyForgotPageSectionLabels -->
</testsuite> <!-- Default test -->
