<?xml version="1.0" encoding="UTF-8"?>
<!-- Generated by org.testng.reporters.JUnitXMLReporter -->
<testsuite hostname="CPU803" name="WebMailHostopiaRegressionTest" tests="32" failures="0" timestamp="7 Aug 2018 16:58:33 GMT" time="117.798" errors="0">
  <testcase name="webMailLoginTest" time="105.211" classname="com.webmailhostopia.tests.WebMailHostpiaRegressionTests"/>
  <testcase name="verifySocialSectionLabels" time="0.02" classname="com.webmailhostopia.tests.WebMailHostpiaRegressionTests">
    <skipped/>
  </testcase> <!-- verifySocialSectionLabels -->
  <testcase name="verifyBriefCaseSectionLabels" time="0.016" classname="com.webmailhostopia.tests.WebMailHostpiaRegressionTests">
    <skipped/>
  </testcase> <!-- verifyBriefCaseSectionLabels -->
  <testcase name="verifyMailSectionLabels" time="0.017" classname="com.webmailhostopia.tests.WebMailHostpiaRegressionTests">
    <skipped/>
  </testcase> <!-- verifyMailSectionLabels -->
  <testcase name="verifyCalSectionLabels" time="0.013" classname="com.webmailhostopia.tests.WebMailHostpiaRegressionTests">
    <skipped/>
  </testcase> <!-- verifyCalSectionLabels -->
  <testcase name="verifyCalSectionEventCreationLabels" time="0.014" classname="com.webmailhostopia.tests.WebMailHostpiaRegressionTests">
    <skipped/>
  </testcase> <!-- verifyCalSectionEventCreationLabels -->
  <testcase name="verifyCalSectionRepeatEventCreationLabels" time="0.013" classname="com.webmailhostopia.tests.WebMailHostpiaRegressionTests">
    <skipped/>
  </testcase> <!-- verifyCalSectionRepeatEventCreationLabels -->
  <testcase name="verifyTaskpageSectionLabels" time="0.022" classname="com.webmailhostopia.tests.WebMailHostpiaRegressionTests">
    <skipped/>
  </testcase> <!-- verifyTaskpageSectionLabels -->
  <testcase name="verifyTaskCreationpageSectionLabels" time="0.014" classname="com.webmailhostopia.tests.WebMailHostpiaRegressionTests">
    <skipped/>
  </testcase> <!-- verifyTaskCreationpageSectionLabels -->
  <testcase name="verifyContactSectionLabels" time="0.014" classname="com.webmailhostopia.tests.WebMailHostpiaRegressionTests">
    <skipped/>
  </testcase> <!-- verifyContactSectionLabels -->
  <testcase name="verifyCreateContactSectionLabels" time="0.041" classname="com.webmailhostopia.tests.WebMailHostpiaRegressionTests">
    <skipped/>
  </testcase> <!-- verifyCreateContactSectionLabels -->
  <testcase name="verifyCreateAddressBookSectionLabels" time="0.015" classname="com.webmailhostopia.tests.WebMailHostpiaRegressionTests">
    <skipped/>
  </testcase> <!-- verifyCreateAddressBookSectionLabels -->
  <testcase name="verifySubscribeAddressBookSectionLabels" time="0.014" classname="com.webmailhostopia.tests.WebMailHostpiaRegressionTests">
    <skipped/>
  </testcase> <!-- verifySubscribeAddressBookSectionLabels -->
  <testcase name="verifyNewGroupSectionLabels" time="0.012" classname="com.webmailhostopia.tests.WebMailHostpiaRegressionTests">
    <skipped/>
  </testcase> <!-- verifyNewGroupSectionLabels -->
  <testcase name="labelsLanguageTestInPreferenceGeneralTab" time="0.011" classname="com.webmailhostopia.tests.WebMailHostpiaRegressionTests">
    <skipped/>
  </testcase> <!-- labelsLanguageTestInPreferenceGeneralTab -->
  <testcase name="labelsLanguageTestInPreferenceAdvancedTab" time="0.012" classname="com.webmailhostopia.tests.WebMailHostpiaRegressionTests">
    <skipped/>
  </testcase> <!-- labelsLanguageTestInPreferenceAdvancedTab -->
  <testcase name="labelsLanguageTestInPreferenceACcountSecurityTab" time="0.011" classname="com.webmailhostopia.tests.WebMailHostpiaRegressionTests">
    <skipped/>
  </testcase> <!-- labelsLanguageTestInPreferenceACcountSecurityTab -->
  <testcase name="labelsLanguageTestInPreferenceAccountsTab" time="0.01" classname="com.webmailhostopia.tests.WebMailHostpiaRegressionTests">
    <skipped/>
  </testcase> <!-- labelsLanguageTestInPreferenceAccountsTab -->
  <testcase name="labelsLanguageTestInPreferenceSpamTab" time="0.011" classname="com.webmailhostopia.tests.WebMailHostpiaRegressionTests">
    <skipped/>
  </testcase> <!-- labelsLanguageTestInPreferenceSpamTab -->
  <testcase name="labelsLanguageTestInPreferenceAutoRulesTab" time="0.011" classname="com.webmailhostopia.tests.WebMailHostpiaRegressionTests">
    <skipped/>
  </testcase> <!-- labelsLanguageTestInPreferenceAutoRulesTab -->
  <testcase name="labelsLanguageTestInPreferenceMessageFilterTab" time="0.01" classname="com.webmailhostopia.tests.WebMailHostpiaRegressionTests">
    <skipped/>
  </testcase> <!-- labelsLanguageTestInPreferenceMessageFilterTab -->
  <testcase name="labelsLanguageTestInPreferenceSignaturesTab" time="0.009" classname="com.webmailhostopia.tests.WebMailHostpiaRegressionTests">
    <skipped/>
  </testcase> <!-- labelsLanguageTestInPreferenceSignaturesTab -->
  <testcase name="labelsLanguageTestInPreferenceHighlightingTab" time="0.008" classname="com.webmailhostopia.tests.WebMailHostpiaRegressionTests">
    <skipped/>
  </testcase> <!-- labelsLanguageTestInPreferenceHighlightingTab -->
  <testcase name="labelsLanguageTestInPreferenceImageRulesTab" time="0.009" classname="com.webmailhostopia.tests.WebMailHostpiaRegressionTests">
    <skipped/>
  </testcase> <!-- labelsLanguageTestInPreferenceImageRulesTab -->
  <testcase name="labelsLanguageTestInPreferenceDataUsageTab" time="0.009" classname="com.webmailhostopia.tests.WebMailHostpiaRegressionTests">
    <skipped/>
  </testcase> <!-- labelsLanguageTestInPreferenceDataUsageTab -->
  <testcase name="labelsLanguageTestInPreferenceCalendarGeneralTab" time="0.011" classname="com.webmailhostopia.tests.WebMailHostpiaRegressionTests">
    <skipped/>
  </testcase> <!-- labelsLanguageTestInPreferenceCalendarGeneralTab -->
  <testcase name="labelsLanguageTestInPreferenceMobileGeneralTab" time="0.009" classname="com.webmailhostopia.tests.WebMailHostpiaRegressionTests">
    <skipped/>
  </testcase> <!-- labelsLanguageTestInPreferenceMobileGeneralTab -->
  <testcase name="labelsLanguageTestInPreferencePopImapTab" time="0.008" classname="com.webmailhostopia.tests.WebMailHostpiaRegressionTests">
    <skipped/>
  </testcase> <!-- labelsLanguageTestInPreferencePopImapTab -->
  <testcase name="labelsLanguageTestInPreferencePGPKeysTab" time="0.01" classname="com.webmailhostopia.tests.WebMailHostpiaRegressionTests">
    <skipped/>
  </testcase> <!-- labelsLanguageTestInPreferencePGPKeysTab -->
  <testcase name="verifylougtnloginSectionLabels" time="0.009" classname="com.webmailhostopia.tests.WebMailHostpiaRegressionTests">
    <skipped/>
  </testcase> <!-- verifylougtnloginSectionLabels -->
  <testcase name="verifyLoginPageMessageLabels" time="0.009" classname="com.webmailhostopia.tests.WebMailHostpiaRegressionTests">
    <skipped/>
  </testcase> <!-- verifyLoginPageMessageLabels -->
  <testcase name="verifyForgotPageSectionLabels" time="0.012" classname="com.webmailhostopia.tests.WebMailHostpiaRegressionTests">
    <skipped/>
  </testcase> <!-- verifyForgotPageSectionLabels -->
</testsuite> <!-- WebMailHostopiaRegressionTest -->
